{"name": "测试用例标题1", "status": "failed", "statusDetails": {"message": "AssertionError: assert 0", "trace": "self = <test.Testcase object at 0x044153D0>\n\n    @allure.story('登录模块下的子模块: test1')\n    @allure.title('测试用例标题1')\n    @allure.description('这是测试用例用例1的描述信息')\n    \n    def test_case01(self):\n        self.dr.find_element_by_xpath('//*[@id=\"app\"]/div/div[2]/div/form/div[1]/div/div/div/input').send_keys('yao111')\n    \n        print('执行用例01.......')\n>       assert 0  # 断言失败\nE       assert 0\n\ntestCase\\test.py:34: AssertionError"}, "description": "这是测试用例用例1的描述信息", "start": 1625210054748, "stop": 1625210054990, "uuid": "a397c660-d9f6-46f4-a78f-c2da2e8d646a", "historyId": "9a0b11c2437cbc89147d7c380b2f41d1", "testCaseId": "5da4694bc8c02f9d51b6600c766b0d90", "fullName": "testCase.test.Testcase#test_case01", "labels": [{"name": "story", "value": "登录模块下的子模块: test1"}, {"name": "feature", "value": "登录模块"}, {"name": "parentSuite", "value": "testCase"}, {"name": "suite", "value": "test"}, {"name": "subSuite", "value": "Testcase"}, {"name": "host", "value": "XSD-20190315NRK"}, {"name": "thread", "value": "320-MainThread"}, {"name": "framework", "value": "pytest"}, {"name": "language", "value": "cpython3"}, {"name": "package", "value": "testCase.test"}]}