{
  "uid" : "c64b611b26931945",
  "name" : "test_case01",
  "fullName" : "testCase.test.Testcase#test_case01",
  "historyId" : "9a0b11c2437cbc89147d7c380b2f41d1",
  "time" : {
    "start" : 1625132930645,
    "stop" : 1625132930646,
    "duration" : 1
  },
  "status" : "failed",
  "statusMessage" : "AssertionError: assert 0",
  "statusTrace" : "self = <test.Testcase object at 0x04496B98>\n\n    def test_case01(self):\n    \n        print('执行用例01.......')\n    \n>       assert 0  # 断言失败\nE       assert 0\n\ntestCase\\test.py:20: AssertionError",
  "flaky" : false,
  "newFailed" : false,
  "beforeStages" : [ {
    "name" : "xunit_setup_method_fixture_Testcase",
    "time" : {
      "start" : 1625132930641,
      "stop" : 1625132930642,
      "duration" : 1
    },
    "status" : "passed",
    "steps" : [ ],
    "attachments" : [ ],
    "parameters" : [ ],
    "attachmentsCount" : 0,
    "shouldDisplayMessage" : false,
    "stepsCount" : 0,
    "hasContent" : false
  }, {
    "name" : "xunit_setup_class_fixture_Testcase",
    "time" : {
      "start" : 1625132930640,
      "stop" : 1625132930641,
      "duration" : 1
    },
    "status" : "passed",
    "steps" : [ ],
    "attachments" : [ ],
    "parameters" : [ ],
    "attachmentsCount" : 0,
    "shouldDisplayMessage" : false,
    "stepsCount" : 0,
    "hasContent" : false
  } ],
  "afterStages" : [ {
    "name" : "xunit_setup_method_fixture_Testcase::0",
    "time" : {
      "start" : 1625132930936,
      "stop" : 1625132930936,
      "duration" : 0
    },
    "status" : "passed",
    "steps" : [ ],
    "attachments" : [ ],
    "parameters" : [ ],
    "attachmentsCount" : 0,
    "shouldDisplayMessage" : false,
    "stepsCount" : 0,
    "hasContent" : false
  }, {
    "name" : "xunit_setup_class_fixture_Testcase::0",
    "time" : {
      "start" : 1625132930946,
      "stop" : 1625132930946,
      "duration" : 0
    },
    "status" : "passed",
    "steps" : [ ],
    "attachments" : [ ],
    "parameters" : [ ],
    "attachmentsCount" : 0,
    "shouldDisplayMessage" : false,
    "stepsCount" : 0,
    "hasContent" : false
  } ],
  "labels" : [ {
    "name" : "parentSuite",
    "value" : "testCase"
  }, {
    "name" : "suite",
    "value" : "test"
  }, {
    "name" : "subSuite",
    "value" : "Testcase"
  }, {
    "name" : "host",
    "value" : "XSD-20190315NRK"
  }, {
    "name" : "thread",
    "value" : "3544-MainThread"
  }, {
    "name" : "framework",
    "value" : "pytest"
  }, {
    "name" : "language",
    "value" : "cpython3"
  }, {
    "name" : "package",
    "value" : "testCase.test"
  }, {
    "name" : "resultFormat",
    "value" : "allure2"
  } ],
  "parameters" : [ ],
  "links" : [ ],
  "hidden" : false,
  "retry" : false,
  "extra" : {
    "severity" : "normal",
    "retries" : [ {
      "uid" : "90bb71c2fc1459e6",
      "status" : "passed",
      "time" : {
        "start" : 1625131735454,
        "stop" : 1625131735454,
        "duration" : 0
      }
    } ],
    "categories" : [ {
      "name" : "Product defects",
      "matchedStatuses" : [ ],
      "flaky" : false
    } ],
    "tags" : [ ]
  },
  "source" : "c64b611b26931945.json",
  "parameterValues" : [ ]
}